node:events:486
      throw er; // Unhandled 'error' event
      ^

Error: listen EADDRINUSE: address already in use :::8050
    at Server.setupListenHandle [as _listen2] (node:net:1940:16)
    at listenInCluster (node:net:1997:12)
    at Server.listen (node:net:2102:7)
    at app.listen (D:\WEB_ĐẶT_LỊCH_KHÁM_BỆNH\web_12\backend\node_modules\express\lib\application.js:635:24)
    at D:\WEB_ĐẶT_LỊCH_KHÁM_BỆNH\web_12\backend\server.js:33:9
    at process.processTicksAndRejections (node:internal/process/task_queues:103:5)
Emitted 'error' event on Server instance at:
    at emitErrorNT (node:net:1976:8)
    at process.processTicksAndRejections (node:internal/process/task_queues:89:21) {
  code: 'EADDRINUSE',
  errno: -4091,
  syscall: 'listen',
  address: '::',
  port: 8050
}

Node.js v24.11.1
GEMINI_API_KEY not found. Using Mock AI for chat.
GEMINI_API_KEY not found. Using Mock AI for chat.
GEMINI_API_KEY not found. Using Mock AI for chat.
GEMINI_API_KEY not found. Using Mock AI for chat.
GEMINI_API_KEY not found. Using Mock AI for chat.
