[2026-04-24T10:03:32.247Z] Database authenticated and synced...
[2026-04-24T10:03:32.251Z] Server running on port 8002 
[2026-04-24T10:03:35.168Z] Database authenticated and synced...
[2026-04-24T10:03:35.171Z] Server running on port 8002 
[2026-04-24T10:03:44.173Z] Database authenticated and synced...
[2026-04-24T10:03:44.177Z] Server running on port 8002 
[2026-04-24T10:04:30.233Z] Database authenticated and synced...
[2026-04-24T10:04:30.236Z] Server running on port 8002 
[2026-04-24T10:10:18.656Z] Database authenticated and synced...
[2026-04-24T10:10:18.660Z] Server running on port 8002 
[2026-04-24T10:12:04.740Z] Database authenticated and synced...
[2026-04-24T10:12:04.750Z] Server running on port 8002 
[2026-04-24T10:12:50.866Z] Database authenticated and synced...
[2026-04-24T10:12:50.875Z] Server running on port 8002 
[2026-04-24T10:19:00.988Z] Database authenticated and synced...
[2026-04-24T10:19:00.991Z] Server running on port 8002 
[2026-04-24T10:20:11.276Z] Database authenticated and synced...
[2026-04-24T10:20:11.281Z] Server running on port 8002 
[2026-04-24T10:20:34.565Z] Database authenticated and synced...
[2026-04-24T10:20:34.571Z] Server running on port 8002 
[2026-04-24T10:21:19.138Z] Database authenticated and synced...
[2026-04-24T10:21:19.142Z] Server running on port 8002 
[2026-04-24T10:28:39.075Z] Database authenticated and synced...
[2026-04-24T10:28:39.078Z] Server running on port 8002 
[2026-04-24T11:12:38.204Z] Database authenticated and synced...
[2026-04-24T11:12:38.213Z] Server running on port 8002 
[2026-04-24T14:12:43.785Z] Database authenticated and synced...
[2026-04-24T14:12:43.790Z] Server running on port 8002 
[2026-04-24T14:15:51.821Z] Database authenticated and synced...
[2026-04-24T14:15:51.826Z] Server running on port 8002 
[2026-04-24T14:16:48.285Z] Database authenticated and synced...
[2026-04-24T14:16:48.290Z] Server running on port 8002 
[2026-04-24T14:25:14.706Z] Database authenticated and synced...
[2026-04-24T14:25:14.716Z] Server running on port 8002 
[2026-04-24T14:32:15.500Z] Database authenticated and synced...
[2026-04-24T14:32:15.504Z] Server running on port 8002 
[2026-04-24T14:34:39.007Z] Database authenticated and synced...
[2026-04-24T14:34:39.014Z] Server running on port 8002 
[2026-04-24T14:35:57.253Z] Database authenticated and synced...
[2026-04-24T14:35:57.256Z] Server running on port 8002 
[2026-04-24T14:36:18.540Z] Database authenticated and synced...
[2026-04-24T14:36:18.543Z] Server running on port 8002 
[2026-04-24T15:46:22.611Z] Database authenticated and synced...
[2026-04-24T15:46:22.617Z] Server running on port 8002 
[2026-04-24T15:47:09.718Z] Database authenticated and synced...
[2026-04-24T15:47:09.721Z] Server running on port 8002 
[2026-04-26T07:14:18.892Z] Database authenticated and synced...
[2026-04-26T07:14:18.895Z] Server running on port 8002 
[2026-04-26T07:20:14.841Z] Database authenticated and synced...
[2026-04-26T07:20:14.846Z] Server running on port 8002 
[2026-04-26T07:29:44.320Z] Database authenticated and synced...
[2026-04-26T07:29:44.325Z] Server running on port 8002 
[2026-04-26T07:31:25.125Z] Database authenticated and synced...
[2026-04-26T07:31:25.128Z] Server running on port 8002 
[2026-04-26T07:31:35.284Z] Database authenticated and synced...
[2026-04-26T07:31:35.288Z] Server running on port 8002 
[2026-04-26T07:31:54.375Z] Database authenticated and synced...
[2026-04-26T07:31:54.378Z] Server running on port 8002 
[2026-04-26T07:32:06.509Z] Database authenticated and synced...
[2026-04-26T07:32:06.516Z] Server running on port 8002 
[2026-04-26T07:35:17.751Z] Database authenticated and synced...
[2026-04-26T07:35:17.755Z] Server running on port 8002 
[2026-04-26T07:35:31.241Z] Database authenticated and synced...
[2026-04-26T07:35:31.245Z] Server running on port 8002 
[2026-04-26T07:35:37.809Z] Database authenticated and synced...
[2026-04-26T07:35:37.813Z] Server running on port 8002 
[2026-04-26T07:38:54.384Z] Database authenticated and synced...
[2026-04-26T07:38:54.388Z] Server running on port 8002 
[2026-04-26T07:44:17.506Z] Database authenticated and synced...
[2026-04-26T07:44:17.511Z] Server running on port 8002 
[2026-04-26T07:44:25.033Z] Database authenticated and synced...
[2026-04-26T07:44:25.037Z] Server running on port 8002 
[2026-04-26T07:44:41.998Z] Database authenticated and synced...
[2026-04-26T07:44:42.002Z] Server running on port 8002 
[2026-04-26T07:44:55.885Z] Database authenticated and synced...
[2026-04-26T07:44:55.889Z] Server running on port 8002 
[2026-04-26T07:45:19.826Z] Database authenticated and synced...
[2026-04-26T07:45:19.830Z] Server running on port 8002 
[2026-04-26T07:47:34.600Z] Database authenticated and synced...
[2026-04-26T07:47:34.607Z] Server running on port 8002 
[2026-04-26T07:48:26.835Z] Database authenticated and synced...
[2026-04-26T07:48:26.839Z] Server running on port 8002 
[2026-04-26T07:49:11.999Z] Database authenticated and synced...
[2026-04-26T07:49:12.005Z] Server running on port 8002 
[2026-04-26T07:57:37.507Z] Database authenticated and synced...
[2026-04-26T07:57:37.512Z] Server running on port 8002 
[2026-04-26T07:58:09.733Z] Database authenticated and synced...
[2026-04-26T07:58:09.737Z] Server running on port 8002 
[2026-04-26T07:58:19.280Z] Database authenticated and synced...
[2026-04-26T07:58:19.284Z] Server running on port 8002 
[2026-04-26T08:00:24.891Z] Database authenticated and synced...
[2026-04-26T08:00:24.894Z] Server running on port 8002 
[2026-04-26T08:01:23.243Z] Database authenticated and synced...
[2026-04-26T08:01:23.247Z] Server running on port 8002 
[2026-04-26T08:03:02.007Z] Database authenticated and synced...
[2026-04-26T08:03:02.012Z] Server running on port 8002 
[2026-04-26T08:04:13.597Z] Database authenticated and synced...
[2026-04-26T08:04:13.600Z] Server running on port 8002 
[2026-04-26T08:05:40.846Z] Database authenticated and synced...
[2026-04-26T08:05:40.850Z] Server running on port 8002 
[2026-04-26T08:06:26.624Z] Database authenticated and synced...
[2026-04-26T08:06:26.627Z] Server running on port 8002 
[2026-04-26T08:07:32.665Z] Database authenticated and synced...
[2026-04-26T08:07:32.669Z] Server running on port 8002 
[2026-04-26T08:10:27.040Z] Database authenticated and synced...
[2026-04-26T08:10:27.043Z] Server running on port 8002 
[2026-04-26T08:10:50.814Z] Database authenticated and synced...
[2026-04-26T08:10:50.818Z] Server running on port 8002 
[2026-04-26T08:15:14.038Z] Database authenticated and synced...
[2026-04-26T08:15:14.041Z] Server running on port 8002 
[2026-04-26T08:15:34.326Z] Database authenticated and synced...
[2026-04-26T08:15:34.331Z] Server running on port 8002 
[2026-04-26T17:13:12.972Z] Database authenticated and synced...
[2026-04-26T17:13:12.975Z] Server running on port 8002 
[2026-04-26T17:39:47.005Z] Database authenticated and synced...
[2026-04-26T17:39:47.008Z] Server running on port 8002 
[2026-04-26T17:40:17.463Z] Database authenticated and synced...
[2026-04-26T17:40:17.468Z] Server running on port 8002 
[2026-04-26T17:43:04.001Z] Database authenticated and synced...
[2026-04-26T17:43:04.005Z] Server running on port 8002 
[2026-04-26T17:43:47.224Z] Database authenticated and synced...
[2026-04-26T17:43:47.228Z] Server running on port 8002 
[2026-04-26T17:45:58.873Z] Database authenticated and synced...
[2026-04-26T17:45:58.876Z] Server running on port 8002 
[2026-04-26T17:48:31.845Z] Database authenticated and synced...
[2026-04-26T17:48:31.849Z] Server running on port 8002 
[2026-04-26T17:49:53.700Z] Database authenticated and synced...
[2026-04-26T17:49:53.703Z] Server running on port 8002 
[2026-04-26T17:53:28.559Z] Database authenticated and synced...
[2026-04-26T17:53:28.562Z] Server running on port 8002 
[2026-04-26T17:56:23.797Z] Database authenticated and synced...
[2026-04-26T17:56:23.803Z] Server running on port 8002 
[2026-04-26T18:00:34.701Z] Database authenticated and synced...
[2026-04-26T18:00:34.705Z] Server running on port 8002 
[2026-04-26T18:03:43.373Z] Database authenticated and synced...
[2026-04-26T18:04:22.504Z] Error connecting to database: Deadlock found when trying to get lock; try restarting transaction
Error
    at Query.run (D:\WEB_ĐẶT_LỊCH_KHÁM_BỆNH\web_12\backend\node_modules\sequelize\lib\dialects\mysql\query.js:52:25)
    at D:\WEB_ĐẶT_LỊCH_KHÁM_BỆNH\web_12\backend\node_modules\sequelize\lib\sequelize.js:315:28
    at process.processTicksAndRejections (node:internal/process/task_queues:104:5)
    at async NguoiDung.sync (D:\WEB_ĐẶT_LỊCH_KHÁM_BỆNH\web_12\backend\node_modules\sequelize\lib\model.js:984:11)
    at async Sequelize.sync (D:\WEB_ĐẶT_LỊCH_KHÁM_BỆNH\web_12\backend\node_modules\sequelize\lib\sequelize.js:377:9)
[2026-04-26T18:04:35.837Z] Database authenticated and synced...
[2026-04-26T18:04:35.841Z] Server running on port 8002 
[2026-04-26T18:04:46.069Z] Database authenticated and synced...
[2026-04-26T18:04:46.074Z] Server running on port 8002 
[2026-04-26T18:04:46.477Z] Database authenticated and synced...
[2026-04-26T18:05:20.615Z] Database authenticated and synced...
[2026-04-26T18:06:09.655Z] Database authenticated and synced...
[2026-04-26T18:06:09.660Z] Server running on port 8002 
[2026-04-26T18:06:19.976Z] Database authenticated and synced...
[2026-04-26T18:07:07.707Z] Database authenticated and synced...
[2026-04-26T18:09:38.855Z] Database authenticated and synced...
[2026-04-26T18:22:52.937Z] Database authenticated and synced...
[2026-04-26T18:22:52.944Z] Server running on port 8002 
[2026-04-26T18:22:53.151Z] Database authenticated and synced...
[2026-04-26T18:23:12.540Z] Database authenticated and synced...
[2026-04-26T18:23:12.545Z] Server running on port 8002 
[2026-04-26T18:23:12.762Z] Database authenticated and synced...
[2026-04-26T18:25:24.241Z] Database authenticated and synced...
[2026-04-26T18:25:24.246Z] Server running on port 8002 
[2026-04-26T18:25:24.484Z] Database authenticated and synced...
[2026-04-26T18:26:06.418Z] Database authenticated and synced...
[2026-04-26T18:26:06.423Z] Server running on port 8002 
[2026-04-26T18:26:06.765Z] Database authenticated and synced...
[2026-04-26T18:26:13.203Z] Database authenticated and synced...
[2026-04-26T18:26:13.208Z] Server running on port 8002 
[2026-04-26T18:26:13.363Z] Database authenticated and synced...
[2026-04-26T18:26:22.913Z] Database authenticated and synced...
[2026-04-26T18:26:22.918Z] Server running on port 8002 
[2026-04-26T18:26:23.196Z] Database authenticated and synced...
[2026-04-26T18:27:20.265Z] Database authenticated and synced...
[2026-04-26T18:28:38.362Z] Database authenticated and synced...
[2026-04-26T18:28:38.367Z] Server running on port 8002 
[2026-04-26T18:28:38.741Z] Database authenticated and synced...
[2026-04-26T18:29:14.922Z] Database authenticated and synced...
[2026-04-26T18:29:14.927Z] Server running on port 8002 
[2026-04-26T18:29:15.165Z] Database authenticated and synced...
[2026-04-26T18:29:24.366Z] Database authenticated and synced...
[2026-04-26T18:29:24.371Z] Server running on port 8002 
[2026-04-26T18:29:24.598Z] Database authenticated and synced...
[2026-04-26T18:29:52.784Z] Database authenticated and synced...
[2026-04-26T18:29:52.788Z] Server running on port 8002 
[2026-04-26T18:30:23.899Z] Database authenticated and synced...
[2026-04-26T18:30:23.905Z] Server running on port 8002 
[2026-04-26T18:30:35.130Z] Database authenticated and synced...
[2026-04-26T18:30:35.136Z] Server running on port 8002 
[2026-04-26T18:30:51.993Z] Database authenticated and synced...
[2026-04-26T18:30:54.258Z] Database authenticated and synced...
[2026-04-26T18:30:54.263Z] Server running on port 8002 
[2026-04-26T18:30:54.479Z] Database authenticated and synced...
[2026-04-26T18:31:18.173Z] Database authenticated and synced...
[2026-04-26T18:31:18.176Z] Server running on port 8002 
[2026-04-26T18:32:03.992Z] Database authenticated and synced...
[2026-04-26T18:32:03.997Z] Server running on port 8002 
[2026-04-26T18:32:09.220Z] Database authenticated and synced...
[2026-04-26T18:32:56.389Z] Database authenticated and synced...
[2026-04-26T18:32:56.401Z] Server running on port 8002 
[2026-04-26T18:32:56.611Z] Database authenticated and synced...
[2026-04-26T18:33:06.907Z] Database authenticated and synced...
[2026-04-26T18:33:06.913Z] Server running on port 8002 
[2026-04-26T18:33:07.239Z] Database authenticated and synced...
[2026-04-26T18:33:15.420Z] Database authenticated and synced...
[2026-04-26T18:33:15.425Z] Server running on port 8002 
[2026-04-26T18:33:15.685Z] Database authenticated and synced...
[2026-04-26T18:33:41.732Z] Database authenticated and synced...
[2026-04-26T18:33:41.737Z] Server running on port 8002 
[2026-04-26T18:35:52.356Z] Database authenticated and synced...
[2026-04-26T18:36:36.587Z] Database authenticated and synced...
[2026-04-26T18:36:36.594Z] Server running on port 8002 
[2026-04-26T18:36:36.759Z] Database authenticated and synced...
[2026-04-26T18:37:04.414Z] Database authenticated and synced...
[2026-04-26T18:37:04.422Z] Server running on port 8002 
[2026-04-26T18:37:06.757Z] Database authenticated and synced...
[2026-04-26T18:50:14.534Z] Database authenticated and synced...
[2026-04-26T18:50:14.541Z] Server running on port 8002 
[2026-04-26T18:58:38.376Z] Database authenticated and synced...
[2026-04-26T18:58:38.380Z] Server running on port 8002 
[2026-04-26T18:59:06.771Z] Database authenticated and synced...
[2026-04-26T18:59:06.775Z] Server running on port 8002 
[2026-04-26T19:00:11.528Z] Database authenticated and synced...
[2026-04-26T19:00:11.532Z] Server running on port 8002 
[2026-04-26T19:00:49.983Z] Database authenticated and synced...
[2026-04-26T19:00:49.987Z] Server running on port 8002 
[2026-04-26T19:02:06.217Z] Database authenticated and synced...
[2026-04-26T19:02:06.221Z] Server running on port 8002 
[2026-04-26T19:05:26.927Z] Database authenticated and synced...
[2026-04-26T19:05:26.930Z] Server running on port 8002 
[2026-04-26T19:06:19.745Z] Database authenticated and synced...
[2026-04-26T19:06:19.749Z] Server running on port 8002 
[2026-04-26T19:08:45.993Z] Database authenticated and synced...
[2026-04-26T19:08:45.997Z] Server running on port 8002 
[2026-04-26T19:12:34.775Z] Database authenticated and synced...
[2026-04-26T19:12:34.779Z] Server running on port 8002 
[2026-04-26T19:17:55.308Z] Database authenticated and synced...
[2026-04-26T19:17:55.312Z] Server running on port 8002 
[2026-04-26T19:18:47.193Z] Database authenticated and synced...
[2026-04-26T19:18:47.197Z] Server running on port 8002 
[2026-04-26T19:19:46.047Z] Database authenticated and synced...
[2026-04-26T19:19:46.050Z] Server running on port 8002 
[2026-04-26T19:20:54.338Z] Database authenticated and synced...
[2026-04-26T19:20:54.342Z] Server running on port 8002 
[2026-04-26T19:21:45.376Z] Database authenticated and synced...
[2026-04-26T19:21:45.380Z] Server running on port 8002 
[2026-04-26T19:26:30.901Z] Database authenticated and synced...
[2026-04-26T19:26:30.904Z] Server running on port 8002 
[2026-04-26T19:29:35.328Z] Database authenticated and synced...
[2026-04-26T19:29:35.331Z] Server running on port 8002 
[2026-04-26T19:32:09.469Z] Database authenticated and synced...
[2026-04-26T19:32:09.472Z] Server running on port 8002 
[2026-04-26T19:34:03.616Z] Error connecting to database: Too many keys specified; max 64 keys allowed
Error
    at Query.run (D:\WEB_ĐẶT_LỊCH_KHÁM_BỆNH\web_12\backend\node_modules\sequelize\lib\dialects\mysql\query.js:52:25)
    at D:\WEB_ĐẶT_LỊCH_KHÁM_BỆNH\web_12\backend\node_modules\sequelize\lib\sequelize.js:315:28
    at process.processTicksAndRejections (node:internal/process/task_queues:104:5)
    at async NguoiDung.sync (D:\WEB_ĐẶT_LỊCH_KHÁM_BỆNH\web_12\backend\node_modules\sequelize\lib\model.js:984:11)
    at async Sequelize._syncModelsWithCyclicReferences (D:\WEB_ĐẶT_LỊCH_KHÁM_BỆNH\web_12\backend\node_modules\sequelize\lib\sequelize.js:398:7)
[2026-04-26T19:34:13.578Z] Error connecting to database: Too many keys specified; max 64 keys allowed
Error
    at Query.run (D:\WEB_ĐẶT_LỊCH_KHÁM_BỆNH\web_12\backend\node_modules\sequelize\lib\dialects\mysql\query.js:52:25)
    at D:\WEB_ĐẶT_LỊCH_KHÁM_BỆNH\web_12\backend\node_modules\sequelize\lib\sequelize.js:315:28
    at process.processTicksAndRejections (node:internal/process/task_queues:104:5)
    at async NguoiDung.sync (D:\WEB_ĐẶT_LỊCH_KHÁM_BỆNH\web_12\backend\node_modules\sequelize\lib\model.js:984:11)
    at async Sequelize._syncModelsWithCyclicReferences (D:\WEB_ĐẶT_LỊCH_KHÁM_BỆNH\web_12\backend\node_modules\sequelize\lib\sequelize.js:398:7)
[2026-04-26T19:34:33.139Z] Error connecting to database: Too many keys specified; max 64 keys allowed
Error
    at Query.run (D:\WEB_ĐẶT_LỊCH_KHÁM_BỆNH\web_12\backend\node_modules\sequelize\lib\dialects\mysql\query.js:52:25)
    at D:\WEB_ĐẶT_LỊCH_KHÁM_BỆNH\web_12\backend\node_modules\sequelize\lib\sequelize.js:315:28
    at process.processTicksAndRejections (node:internal/process/task_queues:104:5)
    at async NguoiDung.sync (D:\WEB_ĐẶT_LỊCH_KHÁM_BỆNH\web_12\backend\node_modules\sequelize\lib\model.js:984:11)
    at async Sequelize._syncModelsWithCyclicReferences (D:\WEB_ĐẶT_LỊCH_KHÁM_BỆNH\web_12\backend\node_modules\sequelize\lib\sequelize.js:398:7)
[2026-04-26T19:34:57.986Z] Database authenticated and synced...
[2026-04-26T19:34:57.990Z] Server running on port 8002 
[2026-04-26T19:36:04.666Z] Database authenticated and synced...
[2026-04-26T19:36:04.670Z] Server running on port 8002 
[2026-04-29T17:16:42.156Z] Database authenticated and synced...
[2026-04-29T17:16:42.160Z] Server running on port 8002 
[2026-04-29T17:23:44.571Z] Database authenticated and synced...
[2026-04-29T17:23:44.576Z] Server running on port 8002 
[2026-04-29T17:24:03.386Z] Database authenticated and synced...
[2026-04-29T17:24:03.391Z] Server running on port 8002 
[2026-04-29T17:24:19.778Z] Database authenticated and synced...
[2026-04-29T17:24:19.783Z] Server running on port 8002 
[2026-04-29T17:27:14.174Z] Database authenticated and synced...
[2026-04-29T17:27:14.179Z] Server running on port 8002 
[2026-04-29T17:27:55.418Z] Database authenticated and synced...
[2026-04-29T17:27:55.422Z] Server running on port 8002 
[2026-04-29T17:31:31.389Z] Database authenticated and synced...
[2026-04-29T17:31:31.392Z] Server running on port 8002 
[2026-04-29T17:31:49.821Z] Database authenticated and synced...
[2026-04-29T17:31:49.830Z] Server running on port 8002 
[2026-04-29T17:36:30.746Z] Database authenticated and synced...
[2026-04-29T17:36:30.750Z] Server running on port 8002 
[2026-04-29T17:45:03.399Z] Database authenticated and synced...
[2026-04-29T17:45:03.403Z] Server running on port 8002 
[2026-05-01T08:46:23.085Z] Database authenticated and synced...
[2026-05-01T08:46:23.093Z] Server running on port 8002 
[2026-05-01T08:48:08.044Z] Database authenticated and synced...
[2026-05-01T08:48:08.048Z] Server running on port 8002 
[2026-05-01T08:48:43.662Z] Database authenticated and synced...
[2026-05-01T08:48:43.667Z] Server running on port 8002 
[2026-05-01T08:48:52.519Z] Database authenticated and synced...
[2026-05-01T08:48:52.523Z] Server running on port 8002 
[2026-05-01T09:05:39.643Z] Database authenticated and synced...
[2026-05-01T09:05:39.651Z] Server running on port 8002 
[2026-05-01T09:36:48.009Z] Database authenticated and synced...
[2026-05-01T09:36:48.014Z] Server running on port 8002 
[2026-05-01T09:43:39.203Z] Database authenticated and synced...
[2026-05-01T09:43:39.208Z] Server running on port 8002 
[2026-05-01T09:44:03.576Z] Database authenticated and synced...
[2026-05-01T09:44:03.580Z] Server running on port 8002 
[2026-05-01T09:44:27.400Z] Database authenticated and synced...
[2026-05-01T09:44:27.404Z] Server running on port 8002 
[2026-05-01T09:45:05.160Z] Database authenticated and synced...
[2026-05-01T09:45:05.166Z] Server running on port 8002 
[2026-05-01T09:45:11.167Z] Database authenticated and synced...
[2026-05-01T09:45:11.177Z] Server running on port 8002 
[2026-05-01T09:46:05.993Z] Database authenticated and synced...
[2026-05-01T09:46:05.996Z] Server running on port 8002 
[2026-05-01T09:46:15.248Z] Database authenticated and synced...
[2026-05-01T09:46:15.252Z] Server running on port 8002 
[2026-05-01T09:46:17.799Z] Database authenticated and synced...
[2026-05-01T09:46:17.804Z] Server running on port 8002 
[2026-05-01T09:47:54.988Z] Database authenticated and synced...
[2026-05-01T09:47:54.991Z] Server running on port 8002 
[2026-05-01T09:52:38.955Z] Database authenticated and synced...
[2026-05-01T09:52:38.959Z] Server running on port 8002 
[2026-05-01T09:52:49.282Z] Database authenticated and synced...
[2026-05-01T09:52:49.289Z] Server running on port 8002 
[2026-05-01T09:55:47.329Z] Database authenticated and synced...
[2026-05-01T09:55:47.333Z] Server running on port 8002 
[2026-05-01T09:56:09.629Z] Database authenticated and synced...
[2026-05-01T09:56:09.633Z] Server running on port 8002 
