Login error: Error
    at Query.run (D:\WEB_ĐẶT_LỊCH_KHÁM_BỆNH\web_12\backend\node_modules\sequelize\lib\dialects\mysql\query.js:52:25)
    at D:\WEB_ĐẶT_LỊCH_KHÁM_BỆNH\web_12\backend\node_modules\sequelize\lib\sequelize.js:315:28
    at process.processTicksAndRejections (node:internal/process/task_queues:103:5)
    at async MySQLQueryInterface.select (D:\WEB_ĐẶT_LỊCH_KHÁM_BỆNH\web_12\backend\node_modules\sequelize\lib\dialects\abstract\query-interface.js:407:12)
    at async User.findAll (D:\WEB_ĐẶT_LỊCH_KHÁM_BỆNH\web_12\backend\node_modules\sequelize\lib\model.js:1140:21)
    at async User.findOne (D:\WEB_ĐẶT_LỊCH_KHÁM_BỆNH\web_12\backend\node_modules\sequelize\lib\model.js:1240:12)
    at async exports.login (D:\WEB_ĐẶT_LỊCH_KHÁM_BỆNH\web_12\backend\controllers\authController.js:75:18) {
  name: 'SequelizeDatabaseError',
  parent: Error: Unknown column 'createdAt' in 'field list'
      at Packet.asError (D:\WEB_ĐẶT_LỊCH_KHÁM_BỆNH\web_12\backend\node_modules\mysql2\lib\packets\packet.js:740:17)
      at Query.execute (D:\WEB_ĐẶT_LỊCH_KHÁM_BỆNH\web_12\backend\node_modules\mysql2\lib\commands\command.js:29:26)
      at Connection.handlePacket (D:\WEB_ĐẶT_LỊCH_KHÁM_BỆNH\web_12\backend\node_modules\mysql2\lib\base\connection.js:477:34)
      at PacketParser.onPacket (D:\WEB_ĐẶT_LỊCH_KHÁM_BỆNH\web_12\backend\node_modules\mysql2\lib\base\connection.js:93:12)
      at PacketParser.executeStart (D:\WEB_ĐẶT_LỊCH_KHÁM_BỆNH\web_12\backend\node_modules\mysql2\lib\packet_parser.js:75:16)
      at Socket.<anonymous> (D:\WEB_ĐẶT_LỊCH_KHÁM_BỆNH\web_12\backend\node_modules\mysql2\lib\base\connection.js:100:25)
      at Socket.emit (node:events:508:28)
      at addChunk (node:internal/streams/readable:559:12)
      at readableAddChunkPushByteMode (node:internal/streams/readable:510:3)
      at Readable.push (node:internal/streams/readable:390:5) {
    code: 'ER_BAD_FIELD_ERROR',
    errno: 1054,
    sqlState: '42S22',
    sqlMessage: "Unknown column 'createdAt' in 'field list'",
    sql: "SELECT `id`, `email`, `username`, `password`, `full_name`, `phone`, `date_of_birth`, `address`, `role`, `createdAt`, `updatedAt` FROM `users` AS `User` WHERE (`User`.`email` = 'admin@medischedule.com' OR `User`.`username` = 'admin@medischedule.com') LIMIT 1;",
    parameters: undefined
  },
  original: Error: Unknown column 'createdAt' in 'field list'
      at Packet.asError (D:\WEB_ĐẶT_LỊCH_KHÁM_BỆNH\web_12\backend\node_modules\mysql2\lib\packets\packet.js:740:17)
      at Query.execute (D:\WEB_ĐẶT_LỊCH_KHÁM_BỆNH\web_12\backend\node_modules\mysql2\lib\commands\command.js:29:26)
      at Connection.handlePacket (D:\WEB_ĐẶT_LỊCH_KHÁM_BỆNH\web_12\backend\node_modules\mysql2\lib\base\connection.js:477:34)
      at PacketParser.onPacket (D:\WEB_ĐẶT_LỊCH_KHÁM_BỆNH\web_12\backend\node_modules\mysql2\lib\base\connection.js:93:12)
      at PacketParser.executeStart (D:\WEB_ĐẶT_LỊCH_KHÁM_BỆNH\web_12\backend\node_modules\mysql2\lib\packet_parser.js:75:16)
      at Socket.<anonymous> (D:\WEB_ĐẶT_LỊCH_KHÁM_BỆNH\web_12\backend\node_modules\mysql2\lib\base\connection.js:100:25)
      at Socket.emit (node:events:508:28)
      at addChunk (node:internal/streams/readable:559:12)
      at readableAddChunkPushByteMode (node:internal/streams/readable:510:3)
      at Readable.push (node:internal/streams/readable:390:5) {
    code: 'ER_BAD_FIELD_ERROR',
    errno: 1054,
    sqlState: '42S22',
    sqlMessage: "Unknown column 'createdAt' in 'field list'",
    sql: "SELECT `id`, `email`, `username`, `password`, `full_name`, `phone`, `date_of_birth`, `address`, `role`, `createdAt`, `updatedAt` FROM `users` AS `User` WHERE (`User`.`email` = 'admin@medischedule.com' OR `User`.`username` = 'admin@medischedule.com') LIMIT 1;",
    parameters: undefined
  },
  sql: "SELECT `id`, `email`, `username`, `password`, `full_name`, `phone`, `date_of_birth`, `address`, `role`, `createdAt`, `updatedAt` FROM `users` AS `User` WHERE (`User`.`email` = 'admin@medischedule.com' OR `User`.`username` = 'admin@medischedule.com') LIMIT 1;",
  parameters: {}
}
Login error: Error
    at Query.run (D:\WEB_ĐẶT_LỊCH_KHÁM_BỆNH\web_12\backend\node_modules\sequelize\lib\dialects\mysql\query.js:52:25)
    at D:\WEB_ĐẶT_LỊCH_KHÁM_BỆNH\web_12\backend\node_modules\sequelize\lib\sequelize.js:315:28
    at process.processTicksAndRejections (node:internal/process/task_queues:103:5)
    at async MySQLQueryInterface.select (D:\WEB_ĐẶT_LỊCH_KHÁM_BỆNH\web_12\backend\node_modules\sequelize\lib\dialects\abstract\query-interface.js:407:12)
    at async User.findAll (D:\WEB_ĐẶT_LỊCH_KHÁM_BỆNH\web_12\backend\node_modules\sequelize\lib\model.js:1140:21)
    at async User.findOne (D:\WEB_ĐẶT_LỊCH_KHÁM_BỆNH\web_12\backend\node_modules\sequelize\lib\model.js:1240:12)
    at async exports.login (D:\WEB_ĐẶT_LỊCH_KHÁM_BỆNH\web_12\backend\controllers\authController.js:75:18) {
  name: 'SequelizeDatabaseError',
  parent: Error: Unknown column 'createdAt' in 'field list'
      at Packet.asError (D:\WEB_ĐẶT_LỊCH_KHÁM_BỆNH\web_12\backend\node_modules\mysql2\lib\packets\packet.js:740:17)
      at Query.execute (D:\WEB_ĐẶT_LỊCH_KHÁM_BỆNH\web_12\backend\node_modules\mysql2\lib\commands\command.js:29:26)
      at Connection.handlePacket (D:\WEB_ĐẶT_LỊCH_KHÁM_BỆNH\web_12\backend\node_modules\mysql2\lib\base\connection.js:477:34)
      at PacketParser.onPacket (D:\WEB_ĐẶT_LỊCH_KHÁM_BỆNH\web_12\backend\node_modules\mysql2\lib\base\connection.js:93:12)
      at PacketParser.executeStart (D:\WEB_ĐẶT_LỊCH_KHÁM_BỆNH\web_12\backend\node_modules\mysql2\lib\packet_parser.js:75:16)
      at Socket.<anonymous> (D:\WEB_ĐẶT_LỊCH_KHÁM_BỆNH\web_12\backend\node_modules\mysql2\lib\base\connection.js:100:25)
      at Socket.emit (node:events:508:28)
      at addChunk (node:internal/streams/readable:559:12)
      at readableAddChunkPushByteMode (node:internal/streams/readable:510:3)
      at Readable.push (node:internal/streams/readable:390:5) {
    code: 'ER_BAD_FIELD_ERROR',
    errno: 1054,
    sqlState: '42S22',
    sqlMessage: "Unknown column 'createdAt' in 'field list'",
    sql: "SELECT `id`, `email`, `username`, `password`, `full_name`, `phone`, `date_of_birth`, `address`, `role`, `createdAt`, `updatedAt` FROM `users` AS `User` WHERE (`User`.`email` = 'admin@medischedule.com' OR `User`.`username` = 'admin@medischedule.com') LIMIT 1;",
    parameters: undefined
  },
  original: Error: Unknown column 'createdAt' in 'field list'
      at Packet.asError (D:\WEB_ĐẶT_LỊCH_KHÁM_BỆNH\web_12\backend\node_modules\mysql2\lib\packets\packet.js:740:17)
      at Query.execute (D:\WEB_ĐẶT_LỊCH_KHÁM_BỆNH\web_12\backend\node_modules\mysql2\lib\commands\command.js:29:26)
      at Connection.handlePacket (D:\WEB_ĐẶT_LỊCH_KHÁM_BỆNH\web_12\backend\node_modules\mysql2\lib\base\connection.js:477:34)
      at PacketParser.onPacket (D:\WEB_ĐẶT_LỊCH_KHÁM_BỆNH\web_12\backend\node_modules\mysql2\lib\base\connection.js:93:12)
      at PacketParser.executeStart (D:\WEB_ĐẶT_LỊCH_KHÁM_BỆNH\web_12\backend\node_modules\mysql2\lib\packet_parser.js:75:16)
      at Socket.<anonymous> (D:\WEB_ĐẶT_LỊCH_KHÁM_BỆNH\web_12\backend\node_modules\mysql2\lib\base\connection.js:100:25)
      at Socket.emit (node:events:508:28)
      at addChunk (node:internal/streams/readable:559:12)
      at readableAddChunkPushByteMode (node:internal/streams/readable:510:3)
      at Readable.push (node:internal/streams/readable:390:5) {
    code: 'ER_BAD_FIELD_ERROR',
    errno: 1054,
    sqlState: '42S22',
    sqlMessage: "Unknown column 'createdAt' in 'field list'",
    sql: "SELECT `id`, `email`, `username`, `password`, `full_name`, `phone`, `date_of_birth`, `address`, `role`, `createdAt`, `updatedAt` FROM `users` AS `User` WHERE (`User`.`email` = 'admin@medischedule.com' OR `User`.`username` = 'admin@medischedule.com') LIMIT 1;",
    parameters: undefined
  },
  sql: "SELECT `id`, `email`, `username`, `password`, `full_name`, `phone`, `date_of_birth`, `address`, `role`, `createdAt`, `updatedAt` FROM `users` AS `User` WHERE (`User`.`email` = 'admin@medischedule.com' OR `User`.`username` = 'admin@medischedule.com') LIMIT 1;",
  parameters: {}
}
Login error: Error
    at Query.run (D:\WEB_ĐẶT_LỊCH_KHÁM_BỆNH\web_12\backend\node_modules\sequelize\lib\dialects\mysql\query.js:52:25)
    at D:\WEB_ĐẶT_LỊCH_KHÁM_BỆNH\web_12\backend\node_modules\sequelize\lib\sequelize.js:315:28
    at process.processTicksAndRejections (node:internal/process/task_queues:103:5)
    at async MySQLQueryInterface.select (D:\WEB_ĐẶT_LỊCH_KHÁM_BỆNH\web_12\backend\node_modules\sequelize\lib\dialects\abstract\query-interface.js:407:12)
    at async User.findAll (D:\WEB_ĐẶT_LỊCH_KHÁM_BỆNH\web_12\backend\node_modules\sequelize\lib\model.js:1140:21)
    at async User.findOne (D:\WEB_ĐẶT_LỊCH_KHÁM_BỆNH\web_12\backend\node_modules\sequelize\lib\model.js:1240:12)
    at async exports.login (D:\WEB_ĐẶT_LỊCH_KHÁM_BỆNH\web_12\backend\controllers\authController.js:75:18) {
  name: 'SequelizeDatabaseError',
  parent: Error: Unknown column 'createdAt' in 'field list'
      at Packet.asError (D:\WEB_ĐẶT_LỊCH_KHÁM_BỆNH\web_12\backend\node_modules\mysql2\lib\packets\packet.js:740:17)
      at Query.execute (D:\WEB_ĐẶT_LỊCH_KHÁM_BỆNH\web_12\backend\node_modules\mysql2\lib\commands\command.js:29:26)
      at Connection.handlePacket (D:\WEB_ĐẶT_LỊCH_KHÁM_BỆNH\web_12\backend\node_modules\mysql2\lib\base\connection.js:477:34)
      at PacketParser.onPacket (D:\WEB_ĐẶT_LỊCH_KHÁM_BỆNH\web_12\backend\node_modules\mysql2\lib\base\connection.js:93:12)
      at PacketParser.executeStart (D:\WEB_ĐẶT_LỊCH_KHÁM_BỆNH\web_12\backend\node_modules\mysql2\lib\packet_parser.js:75:16)
      at Socket.<anonymous> (D:\WEB_ĐẶT_LỊCH_KHÁM_BỆNH\web_12\backend\node_modules\mysql2\lib\base\connection.js:100:25)
      at Socket.emit (node:events:508:28)
      at addChunk (node:internal/streams/readable:559:12)
      at readableAddChunkPushByteMode (node:internal/streams/readable:510:3)
      at Readable.push (node:internal/streams/readable:390:5) {
    code: 'ER_BAD_FIELD_ERROR',
    errno: 1054,
    sqlState: '42S22',
    sqlMessage: "Unknown column 'createdAt' in 'field list'",
    sql: "SELECT `id`, `email`, `username`, `password`, `full_name`, `phone`, `date_of_birth`, `address`, `role`, `createdAt`, `updatedAt` FROM `users` AS `User` WHERE (`User`.`email` = 'admin@medischedule.com' OR `User`.`username` = 'admin@medischedule.com') LIMIT 1;",
    parameters: undefined
  },
  original: Error: Unknown column 'createdAt' in 'field list'
      at Packet.asError (D:\WEB_ĐẶT_LỊCH_KHÁM_BỆNH\web_12\backend\node_modules\mysql2\lib\packets\packet.js:740:17)
      at Query.execute (D:\WEB_ĐẶT_LỊCH_KHÁM_BỆNH\web_12\backend\node_modules\mysql2\lib\commands\command.js:29:26)
      at Connection.handlePacket (D:\WEB_ĐẶT_LỊCH_KHÁM_BỆNH\web_12\backend\node_modules\mysql2\lib\base\connection.js:477:34)
      at PacketParser.onPacket (D:\WEB_ĐẶT_LỊCH_KHÁM_BỆNH\web_12\backend\node_modules\mysql2\lib\base\connection.js:93:12)
      at PacketParser.executeStart (D:\WEB_ĐẶT_LỊCH_KHÁM_BỆNH\web_12\backend\node_modules\mysql2\lib\packet_parser.js:75:16)
      at Socket.<anonymous> (D:\WEB_ĐẶT_LỊCH_KHÁM_BỆNH\web_12\backend\node_modules\mysql2\lib\base\connection.js:100:25)
      at Socket.emit (node:events:508:28)
      at addChunk (node:internal/streams/readable:559:12)
      at readableAddChunkPushByteMode (node:internal/streams/readable:510:3)
      at Readable.push (node:internal/streams/readable:390:5) {
    code: 'ER_BAD_FIELD_ERROR',
    errno: 1054,
    sqlState: '42S22',
    sqlMessage: "Unknown column 'createdAt' in 'field list'",
    sql: "SELECT `id`, `email`, `username`, `password`, `full_name`, `phone`, `date_of_birth`, `address`, `role`, `createdAt`, `updatedAt` FROM `users` AS `User` WHERE (`User`.`email` = 'admin@medischedule.com' OR `User`.`username` = 'admin@medischedule.com') LIMIT 1;",
    parameters: undefined
  },
  sql: "SELECT `id`, `email`, `username`, `password`, `full_name`, `phone`, `date_of_birth`, `address`, `role`, `createdAt`, `updatedAt` FROM `users` AS `User` WHERE (`User`.`email` = 'admin@medischedule.com' OR `User`.`username` = 'admin@medischedule.com') LIMIT 1;",
  parameters: {}
}
Login error: Error
    at Query.run (D:\WEB_ĐẶT_LỊCH_KHÁM_BỆNH\web_12\backend\node_modules\sequelize\lib\dialects\mysql\query.js:52:25)
    at D:\WEB_ĐẶT_LỊCH_KHÁM_BỆNH\web_12\backend\node_modules\sequelize\lib\sequelize.js:315:28
    at process.processTicksAndRejections (node:internal/process/task_queues:103:5)
    at async MySQLQueryInterface.select (D:\WEB_ĐẶT_LỊCH_KHÁM_BỆNH\web_12\backend\node_modules\sequelize\lib\dialects\abstract\query-interface.js:407:12)
    at async User.findAll (D:\WEB_ĐẶT_LỊCH_KHÁM_BỆNH\web_12\backend\node_modules\sequelize\lib\model.js:1140:21)
    at async User.findOne (D:\WEB_ĐẶT_LỊCH_KHÁM_BỆNH\web_12\backend\node_modules\sequelize\lib\model.js:1240:12)
    at async exports.login (D:\WEB_ĐẶT_LỊCH_KHÁM_BỆNH\web_12\backend\controllers\authController.js:75:18) {
  name: 'SequelizeDatabaseError',
  parent: Error: Unknown column 'createdAt' in 'field list'
      at Packet.asError (D:\WEB_ĐẶT_LỊCH_KHÁM_BỆNH\web_12\backend\node_modules\mysql2\lib\packets\packet.js:740:17)
      at Query.execute (D:\WEB_ĐẶT_LỊCH_KHÁM_BỆNH\web_12\backend\node_modules\mysql2\lib\commands\command.js:29:26)
      at Connection.handlePacket (D:\WEB_ĐẶT_LỊCH_KHÁM_BỆNH\web_12\backend\node_modules\mysql2\lib\base\connection.js:477:34)
      at PacketParser.onPacket (D:\WEB_ĐẶT_LỊCH_KHÁM_BỆNH\web_12\backend\node_modules\mysql2\lib\base\connection.js:93:12)
      at PacketParser.executeStart (D:\WEB_ĐẶT_LỊCH_KHÁM_BỆNH\web_12\backend\node_modules\mysql2\lib\packet_parser.js:75:16)
      at Socket.<anonymous> (D:\WEB_ĐẶT_LỊCH_KHÁM_BỆNH\web_12\backend\node_modules\mysql2\lib\base\connection.js:100:25)
      at Socket.emit (node:events:508:28)
      at addChunk (node:internal/streams/readable:559:12)
      at readableAddChunkPushByteMode (node:internal/streams/readable:510:3)
      at Readable.push (node:internal/streams/readable:390:5) {
    code: 'ER_BAD_FIELD_ERROR',
    errno: 1054,
    sqlState: '42S22',
    sqlMessage: "Unknown column 'createdAt' in 'field list'",
    sql: "SELECT `id`, `email`, `username`, `password`, `full_name`, `phone`, `date_of_birth`, `address`, `role`, `createdAt`, `updatedAt` FROM `users` AS `User` WHERE (`User`.`email` = 'admin@medischedule.com' OR `User`.`username` = 'admin@medischedule.com') LIMIT 1;",
    parameters: undefined
  },
  original: Error: Unknown column 'createdAt' in 'field list'
      at Packet.asError (D:\WEB_ĐẶT_LỊCH_KHÁM_BỆNH\web_12\backend\node_modules\mysql2\lib\packets\packet.js:740:17)
      at Query.execute (D:\WEB_ĐẶT_LỊCH_KHÁM_BỆNH\web_12\backend\node_modules\mysql2\lib\commands\command.js:29:26)
      at Connection.handlePacket (D:\WEB_ĐẶT_LỊCH_KHÁM_BỆNH\web_12\backend\node_modules\mysql2\lib\base\connection.js:477:34)
      at PacketParser.onPacket (D:\WEB_ĐẶT_LỊCH_KHÁM_BỆNH\web_12\backend\node_modules\mysql2\lib\base\connection.js:93:12)
      at PacketParser.executeStart (D:\WEB_ĐẶT_LỊCH_KHÁM_BỆNH\web_12\backend\node_modules\mysql2\lib\packet_parser.js:75:16)
      at Socket.<anonymous> (D:\WEB_ĐẶT_LỊCH_KHÁM_BỆNH\web_12\backend\node_modules\mysql2\lib\base\connection.js:100:25)
      at Socket.emit (node:events:508:28)
      at addChunk (node:internal/streams/readable:559:12)
      at readableAddChunkPushByteMode (node:internal/streams/readable:510:3)
      at Readable.push (node:internal/streams/readable:390:5) {
    code: 'ER_BAD_FIELD_ERROR',
    errno: 1054,
    sqlState: '42S22',
    sqlMessage: "Unknown column 'createdAt' in 'field list'",
    sql: "SELECT `id`, `email`, `username`, `password`, `full_name`, `phone`, `date_of_birth`, `address`, `role`, `createdAt`, `updatedAt` FROM `users` AS `User` WHERE (`User`.`email` = 'admin@medischedule.com' OR `User`.`username` = 'admin@medischedule.com') LIMIT 1;",
    parameters: undefined
  },
  sql: "SELECT `id`, `email`, `username`, `password`, `full_name`, `phone`, `date_of_birth`, `address`, `role`, `createdAt`, `updatedAt` FROM `users` AS `User` WHERE (`User`.`email` = 'admin@medischedule.com' OR `User`.`username` = 'admin@medischedule.com') LIMIT 1;",
  parameters: {}
}
Login error: Error
    at Query.run (D:\WEB_ĐẶT_LỊCH_KHÁM_BỆNH\web_12\backend\node_modules\sequelize\lib\dialects\mysql\query.js:52:25)
    at D:\WEB_ĐẶT_LỊCH_KHÁM_BỆNH\web_12\backend\node_modules\sequelize\lib\sequelize.js:315:28
    at process.processTicksAndRejections (node:internal/process/task_queues:103:5)
    at async MySQLQueryInterface.select (D:\WEB_ĐẶT_LỊCH_KHÁM_BỆNH\web_12\backend\node_modules\sequelize\lib\dialects\abstract\query-interface.js:407:12)
    at async User.findAll (D:\WEB_ĐẶT_LỊCH_KHÁM_BỆNH\web_12\backend\node_modules\sequelize\lib\model.js:1140:21)
    at async User.findOne (D:\WEB_ĐẶT_LỊCH_KHÁM_BỆNH\web_12\backend\node_modules\sequelize\lib\model.js:1240:12)
    at async exports.login (D:\WEB_ĐẶT_LỊCH_KHÁM_BỆNH\web_12\backend\controllers\authController.js:75:18) {
  name: 'SequelizeDatabaseError',
  parent: Error: Unknown column 'createdAt' in 'field list'
      at Packet.asError (D:\WEB_ĐẶT_LỊCH_KHÁM_BỆNH\web_12\backend\node_modules\mysql2\lib\packets\packet.js:740:17)
      at Query.execute (D:\WEB_ĐẶT_LỊCH_KHÁM_BỆNH\web_12\backend\node_modules\mysql2\lib\commands\command.js:29:26)
      at Connection.handlePacket (D:\WEB_ĐẶT_LỊCH_KHÁM_BỆNH\web_12\backend\node_modules\mysql2\lib\base\connection.js:477:34)
      at PacketParser.onPacket (D:\WEB_ĐẶT_LỊCH_KHÁM_BỆNH\web_12\backend\node_modules\mysql2\lib\base\connection.js:93:12)
      at PacketParser.executeStart (D:\WEB_ĐẶT_LỊCH_KHÁM_BỆNH\web_12\backend\node_modules\mysql2\lib\packet_parser.js:75:16)
      at Socket.<anonymous> (D:\WEB_ĐẶT_LỊCH_KHÁM_BỆNH\web_12\backend\node_modules\mysql2\lib\base\connection.js:100:25)
      at Socket.emit (node:events:508:28)
      at addChunk (node:internal/streams/readable:559:12)
      at readableAddChunkPushByteMode (node:internal/streams/readable:510:3)
      at Readable.push (node:internal/streams/readable:390:5) {
    code: 'ER_BAD_FIELD_ERROR',
    errno: 1054,
    sqlState: '42S22',
    sqlMessage: "Unknown column 'createdAt' in 'field list'",
    sql: "SELECT `id`, `email`, `username`, `password`, `full_name`, `phone`, `date_of_birth`, `address`, `role`, `createdAt`, `updatedAt` FROM `users` AS `User` WHERE (`User`.`email` = 'admin@medischedule.com' OR `User`.`username` = 'admin@medischedule.com') LIMIT 1;",
    parameters: undefined
  },
  original: Error: Unknown column 'createdAt' in 'field list'
      at Packet.asError (D:\WEB_ĐẶT_LỊCH_KHÁM_BỆNH\web_12\backend\node_modules\mysql2\lib\packets\packet.js:740:17)
      at Query.execute (D:\WEB_ĐẶT_LỊCH_KHÁM_BỆNH\web_12\backend\node_modules\mysql2\lib\commands\command.js:29:26)
      at Connection.handlePacket (D:\WEB_ĐẶT_LỊCH_KHÁM_BỆNH\web_12\backend\node_modules\mysql2\lib\base\connection.js:477:34)
      at PacketParser.onPacket (D:\WEB_ĐẶT_LỊCH_KHÁM_BỆNH\web_12\backend\node_modules\mysql2\lib\base\connection.js:93:12)
      at PacketParser.executeStart (D:\WEB_ĐẶT_LỊCH_KHÁM_BỆNH\web_12\backend\node_modules\mysql2\lib\packet_parser.js:75:16)
      at Socket.<anonymous> (D:\WEB_ĐẶT_LỊCH_KHÁM_BỆNH\web_12\backend\node_modules\mysql2\lib\base\connection.js:100:25)
      at Socket.emit (node:events:508:28)
      at addChunk (node:internal/streams/readable:559:12)
      at readableAddChunkPushByteMode (node:internal/streams/readable:510:3)
      at Readable.push (node:internal/streams/readable:390:5) {
    code: 'ER_BAD_FIELD_ERROR',
    errno: 1054,
    sqlState: '42S22',
    sqlMessage: "Unknown column 'createdAt' in 'field list'",
    sql: "SELECT `id`, `email`, `username`, `password`, `full_name`, `phone`, `date_of_birth`, `address`, `role`, `createdAt`, `updatedAt` FROM `users` AS `User` WHERE (`User`.`email` = 'admin@medischedule.com' OR `User`.`username` = 'admin@medischedule.com') LIMIT 1;",
    parameters: undefined
  },
  sql: "SELECT `id`, `email`, `username`, `password`, `full_name`, `phone`, `date_of_birth`, `address`, `role`, `createdAt`, `updatedAt` FROM `users` AS `User` WHERE (`User`.`email` = 'admin@medischedule.com' OR `User`.`username` = 'admin@medischedule.com') LIMIT 1;",
  parameters: {}
}
